\BOOKMARK [0][-]{chapter.1}{\376\377\000T\036\325\000n\000g\000\040\000q\000u\000a\000n\000\040\000v\036\301\000\040\001\021\036\301\000\040\000t\000\340\000i}{}% 1
\BOOKMARK [1][-]{section.1.1}{\376\377\000G\000i\036\333\000i\000\040\000t\000h\000i\036\307\000u\000\040\001\021\036\301\000\040\000t\000\340\000i}{chapter.1}% 2
\BOOKMARK [1][-]{section.1.2}{\376\377\000L\000\375\000\040\000d\000o\000\040\000c\000h\036\315\000n\000\040\001\021\036\301\000\040\000t\000\340\000i}{chapter.1}% 3
\BOOKMARK [1][-]{section.1.3}{\376\377\000M\036\345\000c\000\040\000t\000i\000\352\000u\000\040\000c\036\347\000a\000\040\001\021\036\301\000\040\000t\000\340\000i}{chapter.1}% 4
\BOOKMARK [1][-]{section.1.4}{\376\377\000P\000h\001\260\001\241\000n\000g\000\040\000p\000h\000\341\000p\000\040\000h\000i\036\307\000n\000\040\000t\000h\036\361\000c\000\040\001\021\036\301\000\040\000t\000\340\000i}{chapter.1}% 5
\BOOKMARK [1][-]{section.1.5}{\376\377\000C\036\245\000u\000\040\000t\000r\000\372\000c\000\040\000l\000u\036\255\000n\000\040\000v\001\003\000n}{chapter.1}% 6
\BOOKMARK [0][-]{chapter.2}{\376\377\000K\000i\036\277\000n\000\040\000t\000h\036\351\000c\000\040\000n\036\301\000n\000\040\000t\036\243\000n\000g}{}% 7
\BOOKMARK [1][-]{section.2.1}{\376\377\000G\000i\036\333\000i\000\040\000t\000h\000i\036\307\000u\000\040\000v\036\301\000\040\000L\000M\000S\000\040\000l\000m\000s}{chapter.2}% 8
\BOOKMARK [2][-]{subsection.2.1.1}{\376\377\000L\000M\000S\000\040\000l\000\340\000\040\000g\000\354\000?}{section.2.1}% 9
\BOOKMARK [2][-]{subsection.2.1.2}{\376\377\000C\000\341\000c\000\040\000t\000h\000\340\000n\000h\000\040\000t\036\321\000\040\000c\036\245\000u\000\040\000t\000h\000\340\000n\000h\000\040\000m\036\331\000t\000\040\000L\000M\000S}{section.2.1}% 10
\BOOKMARK [2][-]{subsection.2.1.3}{\376\377\001\257\000u\000\040\001\021\000i\036\303\000m\000\040\000c\036\347\000a\000\040\000L\000M\000S}{section.2.1}% 11
\BOOKMARK [1][-]{section.2.2}{\376\377\000T\036\241\000i\000\040\000s\000a\000o\000\040\000c\000h\036\315\000n\000\040\000M\000o\000o\000d\000l\000e\000?}{chapter.2}% 12
\BOOKMARK [2][-]{subsection.2.2.1}{\376\377\000G\000i\036\333\000i\000\040\000t\000h\000i\036\307\000u\000\040\000v\036\301\000\040\000M\000o\000o\000d\000l\000e\000\040\000a\000b\000o\000u\000t\000m\000o\000o\000d\000l\000e}{section.2.2}% 13
\BOOKMARK [2][-]{subsection.2.2.2}{\376\377\000C\000\341\000c\000\040\000c\000h\036\351\000c\000\040\000n\001\003\000n\000g\000\040\000c\001\241\000\040\000b\036\243\000n\000\040\000c\036\347\000a\000\040\000M\000o\000o\000d\000l\000e\000\040\000f\000e\000a\000t\000u\000r\000e\000m\000o\000o\000d\000l\000e}{section.2.2}% 14
\BOOKMARK [2][-]{subsection.2.2.3}{\376\377\000N\000g\000u\000y\000\352\000n\000\040\000n\000h\000\342\000n\000\040\000l\036\361\000a\000\040\000c\000h\036\315\000n\000\040\000M\000o\000o\000d\000l\000e}{section.2.2}% 15
\BOOKMARK [2][-]{subsection.2.2.4}{\376\377\000S\036\361\000\040\000h\036\241\000n\000\040\000c\000h\036\277\000\040\000c\036\347\000a\000\040\000M\000o\000o\000d\000l\000e}{section.2.2}% 16
\BOOKMARK [1][-]{section.2.3}{\376\377\000B\000l\000o\000c\000k\000\050\000k\000h\036\321\000i\000\051\000\040\000t\000r\000o\000n\000g\000\040\000M\000o\000o\000d\000l\000e}{chapter.2}% 17
\BOOKMARK [2][-]{subsection.2.3.1}{\376\377\000K\000h\036\321\000i\000\040\000l\000\340\000\040\000g\000\354\000?}{section.2.3}% 18
\BOOKMARK [2][-]{subsection.2.3.2}{\376\377\000M\036\331\000t\000\040\000s\036\321\000\040\000v\000\355\000\040\000d\036\345\000\040\000v\036\301\000\040\000k\000h\036\321\000i}{section.2.3}% 19
\BOOKMARK [1][-]{section.2.4}{\376\377\000T\036\325\000n\000g\000\040\000q\000u\000a\000n\000\040\000v\036\301\000\040\000H\000i\000g\000h\000C\000h\000a\000r\000t\000s\000\040\000h\000i\000g\000h\000c\000h\000a\000r\000t\000s}{chapter.2}% 20
\BOOKMARK [2][-]{subsection.2.4.1}{\376\377\000G\000i\036\333\000i\000\040\000t\000h\000i\036\307\000u}{section.2.4}% 21
\BOOKMARK [2][-]{subsection.2.4.2}{\376\377\000C\000\340\000i\000\040\001\021\036\267\000t\000\040\000H\000i\000g\000h\000C\000h\000a\000r\000t\000s}{section.2.4}% 22
\BOOKMARK [2][-]{subsection.2.4.3}{\376\377\000C\000o\000d\000e\000\040\000v\000\355\000\040\000d\036\345\000\040\000H\000i\000g\000h\000C\000h\000a\000r\000t\000s}{section.2.4}% 23
\BOOKMARK [2][-]{subsection.2.4.4}{\376\377\001\020\000\341\000n\000h\000\040\000g\000i\000\341}{section.2.4}% 24
\BOOKMARK [0][-]{chapter.3}{\376\377\000P\000h\000\342\000n\000\040\000t\000\355\000c\000h\000\040\000h\036\307\000\040\000t\000h\036\321\000n\000g}{}% 25
\BOOKMARK [1][-]{section.3.1}{\376\377\000N\000g\000h\000i\000\352\000n\000\040\000c\036\351\000u\000\040\000u\000s\000e\000\040\000c\000a\000s\000e\000\040\000c\036\347\000a\000\040\000h\036\307\000\040\000t\000h\036\321\000n\000g\000\040\000M\000o\000o\000d\000l\000e}{chapter.3}% 26
\BOOKMARK [2][-]{subsection.3.1.1}{\376\377\000N\000h\036\357\000n\000g\000\040\000h\000\340\000n\000h\000\040\001\021\036\331\000n\000g\000\040\000c\001\241\000\040\000b\036\243\000n\000\040\000c\036\347\000a\000\040\000g\000i\000\341\000o\000\040\000v\000i\000\352\000n\000\040\000v\000\340\000\040\000h\036\315\000c\000\040\000s\000i\000n\000h\000\040\000c\000\363\000\040\000s\036\265\000n\000\040\000t\000r\000\352\000n\000\040\000M\000o\000o\000d\000l\000e}{section.3.1}% 27
\BOOKMARK [2][-]{subsection.3.1.2}{\376\377\000N\000h\036\357\000n\000g\000\040\000h\000\340\000n\000h\000\040\001\021\036\331\000n\000g\000\040\000k\000h\000i\000\040\000t\000h\000\352\000m\000\040\000c\000\364\000n\000g\000\040\000c\036\345\000\040\000E\000H\000A\000T}{section.3.1}% 28
\BOOKMARK [1][-]{section.3.2}{\376\377\000D\000a\000t\000a\000b\000a\000s\000e\000\040\000c\036\347\000a\000\040\000M\000o\000o\000d\000l\000e}{chapter.3}% 29
\BOOKMARK [1][-]{section.3.3}{\376\377\000N\000h\036\357\000n\000g\000\040\000d\036\241\000n\000g\000\040\000b\000i\036\303\000u\000\040\001\021\036\323\000\040\000s\036\275\000\040\001\021\001\260\036\343\000c\000\040\000s\036\355\000\040\000d\036\345\000n\000g\000\040\000t\000r\000o\000n\000g\000\040\000E\000H\000A\000T}{chapter.3}% 30
\BOOKMARK [0][-]{chapter.4}{\376\377\000H\000i\036\307\000n\000\040\000t\000h\036\361\000c\000\040\000v\000\340\000\040\000t\000r\000i\036\303\000n\000\040\000k\000h\000a\000i}{}% 31
\BOOKMARK [1][-]{section.4.1}{\376\377\000C\000\341\000c\000h\000\040\000t\036\241\000o\000\040\000m\036\331\000t\000\040\000K\000h\036\321\000i\000\040\000t\000r\000o\000n\000g\000\040\000M\000o\000o\000d\000l\000e\000\040\000c\000r\000e\000a\000t\000e\000b\000l\000o\000c\000k}{chapter.4}% 32
\BOOKMARK [2][-]{subsection.4.1.1}{\376\377\000T\036\307\000p\000\040\000b\000l\000o\000c\000k\000\137\000g\000r\000a\000d\000e\000s\000\137\000c\000h\000a\000r\000t\000.\000p\000h\000p}{section.4.1}% 33
\BOOKMARK [2][-]{subsection.4.1.2}{\376\377\000T\036\307\000p\000\040\000d\000b\000/\000a\000c\000c\000e\000s\000s\000.\000p\000h\000p}{section.4.1}% 34
\BOOKMARK [2][-]{subsection.4.1.3}{\376\377\000T\036\307\000p\000\040\000l\000a\000n\000g\000/\000e\000n\000/\000b\000l\000o\000c\000k\000\137\000g\000r\000a\000d\000e\000s\000\137\000c\000h\000a\000r\000t\000.\000p\000h\000p}{section.4.1}% 35
\BOOKMARK [2][-]{subsection.4.1.4}{\376\377\000T\036\307\000p\000\040\000v\000e\000r\000s\000i\000o\000n\000.\000p\000h\000p}{section.4.1}% 36
\BOOKMARK [1][-]{section.4.2}{\376\377\000K\000i\036\277\000n\000\040\000t\000r\000\372\000c\000\040\000c\036\347\000a\000\040\000E\000H\000A\000T}{chapter.4}% 37
\BOOKMARK [1][-]{section.4.3}{\376\377\000H\000i\036\307\000n\000\040\000t\000h\036\361\000c\000\040\000n\000h\036\357\000n\000g\000\040\000c\000h\036\351\000c\000\040\000n\001\003\000n\000g\000\040\000c\036\347\000a\000\040\000E\000H\000A\000T}{chapter.4}% 38
\BOOKMARK [2][-]{subsection.4.3.1}{\376\377\001\020\036\321\000i\000\040\000v\036\333\000i\000\040\000G\000V}{section.4.3}% 39
\BOOKMARK [2][-]{subsection.4.3.2}{\376\377\001\020\036\321\000i\000\040\000v\036\333\000i\000\040\000H\000S\000,\000\040\000S\000V}{section.4.3}% 40
\BOOKMARK [1][-]{section.4.4}{\376\377\001\020\036\267\000c\000\040\000t\036\243\000\040\000y\000\352\000u\000\040\000c\036\247\000u\000\040\000h\036\307\000\040\000t\000h\036\321\000n\000g}{chapter.4}% 41
\BOOKMARK [2][-]{subsection.4.4.1}{\376\377\000Y\000\352\000u\000\040\000c\036\247\000u\000\040\000c\000h\000u\000n\000g}{section.4.4}% 42
\BOOKMARK [2][-]{subsection.4.4.2}{\376\377\000E\000H\000A\000T\000\040\001\021\036\321\000i\000\040\000v\036\333\000i\000\040\000G\000V}{section.4.4}% 43
\BOOKMARK [2][-]{subsection.4.4.3}{\376\377\000E\000H\000A\000T\000\040\001\021\036\321\000i\000\040\000v\036\333\000i\000\040\000H\000S\000,\000\040\000S\000V}{section.4.4}% 44
\BOOKMARK [0][-]{chapter.5}{\376\377\000K\036\277\000t\000\040\000q\000u\036\243}{}% 45
\BOOKMARK [1][-]{section.5.1}{\376\377\000V\036\301\000\040\000m\000\364\000i\000\040\000t\000r\001\260\036\335\000n\000g\000\040\000h\000i\036\307\000n\000\040\000t\000h\036\361\000c\000\040\000v\000\340\000\040\000n\036\301\000n\000\040\000t\036\243\000n\000g\000\040\000M\000o\000o\000d\000l\000e}{chapter.5}% 46
\BOOKMARK [1][-]{section.5.2}{\376\377\000V\036\301\000\040\000c\000\364\000n\000g\000\040\000c\036\345\000\040\000E\000H\000A\000T}{chapter.5}% 47
\BOOKMARK [2][-]{subsection.5.2.1}{\376\377\001\020\036\321\000i\000\040\000v\036\333\000i\000\040\000G\000V}{section.5.2}% 48
\BOOKMARK [2][-]{subsection.5.2.2}{\376\377\001\020\036\321\000i\000\040\000v\036\333\000i\000\040\000H\000S\000,\000\040\000S\000V}{section.5.2}% 49
\BOOKMARK [0][-]{chapter.6}{\376\377\000K\036\277\000t\000\040\000l\000u\036\255\000n\000\040\000v\000\340\000\040\000h\001\260\036\333\000n\000g\000\040\000p\000h\000\341\000t\000\040\000t\000r\000i\036\303\000n}{}% 50
\BOOKMARK [1][-]{section.6.1}{\376\377\000K\036\277\000t\000\040\000l\000u\036\255\000n}{chapter.6}% 51
\BOOKMARK [1][-]{section.6.2}{\376\377\000H\001\260\036\333\000n\000g\000\040\000p\000h\000\341\000t\000\040\000t\000r\000i\036\303\000n}{chapter.6}% 52
\BOOKMARK [1][-]{section.6.3}{\376\377\000L\036\335\000i\000\040\000k\036\277\000t}{chapter.6}% 53
\BOOKMARK [0][-]{section*.62}{\376\377\000T\000\340\000i\000\040\000l\000i\036\307\000u\000\040\000t\000h\000a\000m\000\040\000k\000h\036\243\000o}{}% 54
\BOOKMARK [0][-]{section*.64}{\376\377\000P\000h\036\345\000\040\000l\036\345\000c}{}% 55
